Arguments: 
  /home/josh/.nvm/versions/node/v16.15.0/bin/node /home/josh/.yarn/bin/yarn.js init

PATH: 
  /home/josh/.yarn/bin:/home/josh/.config/yarn/global/node_modules/.bin:/home/josh/.local/bin:/home/josh/.vscode-server/bin/92d25e35d9bf1a6b16f7d0758f25d48ace11e5b9/bin/remote-cli:/home/josh/.local/bin:/home/josh/.yarn/bin:/home/josh/.config/yarn/global/node_modules/.bin:/home/josh/.local/bin:/home/josh/.nvm/versions/node/v16.15.0/bin:/usr/local/sbin:/usr/local/bin:/usr/sbin:/usr/bin:/sbin:/bin:/usr/games:/usr/local/games:/usr/lib/wsl/lib:/mnt/c/Program Files (x86)/Common Files/Intel/Shared Libraries/redist/intel64/compiler:/mnt/c/Program Files (x86)/Common Files/Oracle/Java/javapath:/mnt/c/Windows/system32:/mnt/c/Windows:/mnt/c/Windows/System32/Wbem:/mnt/c/Windows/System32/WindowsPowerShell/v1.0/:/mnt/c/Windows/System32/OpenSSH/:/mnt/c/Program Files/Docker/Docker/resources/bin:/mnt/c/ProgramData/DockerDesktop/version-bin:/mnt/c/Program Files/Git/cmd:/mnt/c/Users/Josh/AppData/Local/Microsoft/WindowsApps:/mnt/c/Users/Josh/AppData/Local/Programs/Microsoft VS Code/bin:/snap/bin:/home/josh/.yarn/bin:[31m[1mInternal Error[22m[39m: web@workspace:.: This package doesn't seem to be present in your lockfile; run "yarn install" to update the lockfile
      at nF.getCandidates (/home/josh/chemchain/web/.yarn/releases/yarn-3.2.1.cjs:438:4480)
      at Bd.getCandidates (/home/josh/chemchain/web/.yarn/releases/yarn-3.2.1.cjs:396:1281)
      at /home/josh/chemchain/web/.yarn/releases/yarn-3.2.1.cjs:442:7764
      at Rg (/home/josh/chemchain/web/.yarn/releases/yarn-3.2.1.cjs:395:11098)
      at le (/home/josh/chemchain/web/.yarn/releases/yarn-3.2.1.cjs:442:7744)
      at processTicksAndRejections (node:internal/process/task_queues:96:5)

Yarn version: 
  1.22.19

Node version: 
  16.15.0

Platform: 
  linux x64

Trace: 
  Error: canceled
      at Interface.<anonymous> (/home/josh/.yarn/lib/cli.js:137150:13)
      at Interface.emit (node:events:527:28)
      at Interface._ttyWrite (node:readline:1081:16)
      at ReadStream.onkeypress (node:readline:288:10)
      at ReadStream.emit (node:events:527:28)
      at emitKeys (node:internal/readline/utils:358:14)
      at emitKeys.next (<anonymous>)
      at ReadStream.onData (node:internal/readline/emitKeypressEvents:61:36)
      at ReadStream.emit (node:events:527:28)
      at addChunk (node:internal/streams/readable:315:12)

npm manifest: 
  No manifest

yarn manifest: 
  No manifest

Lockfile: 
  No lockfile
